2021-05-25 12:29:15 DEBUG TestBase:52 - started to executing the browser launching setup()
2021-05-25 12:29:15 DEBUG TestBase:53 - fetch the browser value from the properties file
2021-05-25 12:29:15 INFO  TestBase:31 - create object for properties class
2021-05-25 12:29:15 DEBUG TestBase:33 - read the properties file
2021-05-25 12:29:15 INFO  TestBase:38 - load all the properties
2021-05-25 12:29:15 DEBUG TestBase:60 - setting my chrome browser exe file by webdrivermanager class
2021-05-25 12:29:17 DEBUG TestBase:81 - maximize the browser
2021-05-25 12:29:17 DEBUG TestBase:83 - add implicit wait
2021-05-25 12:29:17 DEBUG TestBase:85 - create a webdriverwait object explicit wait command 
2021-05-25 12:29:17 INFO  TestBase:31 - create object for properties class
2021-05-25 12:29:17 DEBUG TestBase:33 - read the properties file
2021-05-25 12:29:17 INFO  TestBase:38 - load all the properties
2021-05-25 12:29:17 DEBUG TestBase:87 - Open the application url:https://www.facebook.com/
2021-05-25 12:29:17 INFO  TestBase:31 - create object for properties class
2021-05-25 12:29:17 DEBUG TestBase:33 - read the properties file
2021-05-25 12:29:17 INFO  TestBase:38 - load all the properties
2021-05-25 12:29:18 INFO  TestBase:31 - create object for properties class
2021-05-25 12:29:18 DEBUG TestBase:33 - read the properties file
2021-05-25 12:29:18 INFO  TestBase:38 - load all the properties
2021-05-25 12:29:18 INFO  TestBase:31 - create object for properties class
2021-05-25 12:29:18 DEBUG TestBase:33 - read the properties file
2021-05-25 12:29:18 INFO  TestBase:38 - load all the properties
2021-05-25 12:29:18 DEBUG BasePageWeb:46 - wait for the element to be clickable or not
2021-05-25 12:29:18 DEBUG BasePageWeb:48 - click on the given element
2021-05-25 12:29:18 DEBUG FaceBookLoggedInPage:36 - Verify the groups icon 
2021-05-25 12:29:25 DEBUG FaceBookLoggedInPage:44 - clcik on notification icon
2021-05-25 12:29:25 DEBUG BasePageWeb:46 - wait for the element to be clickable or not
2021-05-25 12:29:25 DEBUG BasePageWeb:48 - click on the given element
2021-05-25 12:29:26 DEBUG FaceBookLoggedInPage:56 - perform the people search
2021-05-25 12:29:28 DEBUG FaceBookLoggedInPage:59 - press the enter key send the name
2021-05-25 12:29:30 DEBUG BasePageWeb:61 - wait for the element to be clickable or not
2021-05-25 12:29:30 DEBUG BasePageWeb:64 - click an element using javascript click
2021-05-25 12:29:31 DEBUG FaceBookLoggedInPage:56 - perform the people search
2021-05-25 12:29:33 DEBUG FaceBookLoggedInPage:59 - press the enter key send the name
2021-05-25 12:29:35 DEBUG BasePageWeb:61 - wait for the element to be clickable or not
2021-05-25 12:29:35 DEBUG BasePageWeb:64 - click an element using javascript click
2021-05-25 12:29:36 DEBUG FaceBookLoggedInPage:56 - perform the people search
2021-05-25 12:29:38 DEBUG FaceBookLoggedInPage:59 - press the enter key send the name
2021-05-25 12:29:40 DEBUG BasePageWeb:61 - wait for the element to be clickable or not
2021-05-25 12:29:40 DEBUG BasePageWeb:64 - click an element using javascript click
2021-05-25 12:29:40 DEBUG FaceBookLoggedInPage:56 - perform the people search
2021-05-25 12:29:43 DEBUG FaceBookLoggedInPage:59 - press the enter key send the name
2021-05-25 12:29:45 DEBUG BasePageWeb:61 - wait for the element to be clickable or not
2021-05-25 12:29:45 DEBUG BasePageWeb:64 - click an element using javascript click
2021-05-25 12:29:45 DEBUG FaceBookLoggedInPage:50 - Perform the logged out operation fisrt click on image then signout
2021-05-25 12:29:45 DEBUG BasePageWeb:46 - wait for the element to be clickable or not
2021-05-25 12:29:46 DEBUG BasePageWeb:48 - click on the given element
2021-05-25 12:29:46 DEBUG BasePageWeb:46 - wait for the element to be clickable or not
2021-05-25 12:29:46 DEBUG BasePageWeb:48 - click on the given element
2021-05-25 12:29:47 DEBUG cache:45 - Couldn't find template in cache for "v3html/v3-html-index.ftl"("en", UTF-8, parsed); will try to load it.
2021-05-25 12:29:47 DEBUG cache:45 - TemplateLoader.findTemplateSource("v3html/v3-html-index_en.ftl"): Not found
2021-05-25 12:29:47 DEBUG cache:45 - TemplateLoader.findTemplateSource("v3html/v3-html-index.ftl"): Found
2021-05-25 12:29:47 DEBUG cache:45 - Loading template for "v3html/v3-html-index.ftl"("en", UTF-8, parsed) from "jar:file:/C:/Users/Srilakshmi/.m2/repository/com/aventstack/extentreports/4.0.9/extentreports-4.0.9.jar!/com/aventstack/extentreports/view/v3html/v3-html-index.ftl"
2021-05-25 12:29:47 DEBUG cache:45 - Couldn't find template in cache for "v3html/v3-html-head.ftl"("en", UTF-8, parsed); will try to load it.
2021-05-25 12:29:47 DEBUG cache:45 - TemplateLoader.findTemplateSource("v3html/v3-html-head_en.ftl"): Not found
2021-05-25 12:29:47 DEBUG cache:45 - TemplateLoader.findTemplateSource("v3html/v3-html-head.ftl"): Found
2021-05-25 12:29:47 DEBUG cache:45 - Loading template for "v3html/v3-html-head.ftl"("en", UTF-8, parsed) from "jar:file:/C:/Users/Srilakshmi/.m2/repository/com/aventstack/extentreports/4.0.9/extentreports-4.0.9.jar!/com/aventstack/extentreports/view/v3html/v3-html-head.ftl"
2021-05-25 12:29:47 DEBUG cache:45 - Couldn't find template in cache for "v3html/v3-html-nav.ftl"("en", UTF-8, parsed); will try to load it.
2021-05-25 12:29:47 DEBUG cache:45 - TemplateLoader.findTemplateSource("v3html/v3-html-nav_en.ftl"): Not found
2021-05-25 12:29:47 DEBUG cache:45 - TemplateLoader.findTemplateSource("v3html/v3-html-nav.ftl"): Found
2021-05-25 12:29:47 DEBUG cache:45 - Loading template for "v3html/v3-html-nav.ftl"("en", UTF-8, parsed) from "jar:file:/C:/Users/Srilakshmi/.m2/repository/com/aventstack/extentreports/4.0.9/extentreports-4.0.9.jar!/com/aventstack/extentreports/view/v3html/v3-html-nav.ftl"
2021-05-25 12:29:47 DEBUG cache:45 - Couldn't find template in cache for "v3html/test-view/v3-html-test-view.ftl"("en", UTF-8, parsed); will try to load it.
2021-05-25 12:29:47 DEBUG cache:45 - TemplateLoader.findTemplateSource("v3html/test-view/v3-html-test-view_en.ftl"): Not found
2021-05-25 12:29:47 DEBUG cache:45 - TemplateLoader.findTemplateSource("v3html/test-view/v3-html-test-view.ftl"): Found
2021-05-25 12:29:47 DEBUG cache:45 - Loading template for "v3html/test-view/v3-html-test-view.ftl"("en", UTF-8, parsed) from "jar:file:/C:/Users/Srilakshmi/.m2/repository/com/aventstack/extentreports/4.0.9/extentreports-4.0.9.jar!/com/aventstack/extentreports/view/v3html/test-view/v3-html-test-view.ftl"
2021-05-25 12:29:47 DEBUG cache:45 - Couldn't find template in cache for "v3html/test-view/v3-html-test-view-charts.ftl"("en", UTF-8, parsed); will try to load it.
2021-05-25 12:29:47 DEBUG cache:45 - TemplateLoader.findTemplateSource("v3html/test-view/v3-html-test-view-charts_en.ftl"): Not found
2021-05-25 12:29:47 DEBUG cache:45 - TemplateLoader.findTemplateSource("v3html/test-view/v3-html-test-view-charts.ftl"): Found
2021-05-25 12:29:47 DEBUG cache:45 - Loading template for "v3html/test-view/v3-html-test-view-charts.ftl"("en", UTF-8, parsed) from "jar:file:/C:/Users/Srilakshmi/.m2/repository/com/aventstack/extentreports/4.0.9/extentreports-4.0.9.jar!/com/aventstack/extentreports/view/v3html/test-view/v3-html-test-view-charts.ftl"
2021-05-25 12:29:47 DEBUG cache:45 - Couldn't find template in cache for "v3html/test-view/v3-html-standard.ftl"("en", UTF-8, parsed); will try to load it.
2021-05-25 12:29:47 DEBUG cache:45 - TemplateLoader.findTemplateSource("v3html/test-view/v3-html-standard_en.ftl"): Not found
2021-05-25 12:29:47 DEBUG cache:45 - TemplateLoader.findTemplateSource("v3html/test-view/v3-html-standard.ftl"): Found
2021-05-25 12:29:47 DEBUG cache:45 - Loading template for "v3html/test-view/v3-html-standard.ftl"("en", UTF-8, parsed) from "jar:file:/C:/Users/Srilakshmi/.m2/repository/com/aventstack/extentreports/4.0.9/extentreports-4.0.9.jar!/com/aventstack/extentreports/view/v3html/test-view/v3-html-standard.ftl"
2021-05-25 12:29:47 DEBUG cache:45 - "v3html/test-view/v3-html-standard.ftl"("en", UTF-8, parsed) cached copy not yet stale; using cached.
2021-05-25 12:29:47 DEBUG cache:45 - "v3html/test-view/v3-html-standard.ftl"("en", UTF-8, parsed) cached copy not yet stale; using cached.
2021-05-25 12:29:47 DEBUG cache:45 - "v3html/test-view/v3-html-standard.ftl"("en", UTF-8, parsed) cached copy not yet stale; using cached.
2021-05-25 12:29:47 DEBUG cache:45 - Couldn't find template in cache for "v3html/category-view/v3-html-category-view.ftl"("en", UTF-8, parsed); will try to load it.
2021-05-25 12:29:47 DEBUG cache:45 - TemplateLoader.findTemplateSource("v3html/category-view/v3-html-category-view_en.ftl"): Not found
2021-05-25 12:29:47 DEBUG cache:45 - TemplateLoader.findTemplateSource("v3html/category-view/v3-html-category-view.ftl"): Found
2021-05-25 12:29:47 DEBUG cache:45 - Loading template for "v3html/category-view/v3-html-category-view.ftl"("en", UTF-8, parsed) from "jar:file:/C:/Users/Srilakshmi/.m2/repository/com/aventstack/extentreports/4.0.9/extentreports-4.0.9.jar!/com/aventstack/extentreports/view/v3html/category-view/v3-html-category-view.ftl"
2021-05-25 12:29:47 DEBUG cache:45 - Couldn't find template in cache for "v3html/exception-view/v3-html-exception-view.ftl"("en", UTF-8, parsed); will try to load it.
2021-05-25 12:29:47 DEBUG cache:45 - TemplateLoader.findTemplateSource("v3html/exception-view/v3-html-exception-view_en.ftl"): Not found
2021-05-25 12:29:47 DEBUG cache:45 - TemplateLoader.findTemplateSource("v3html/exception-view/v3-html-exception-view.ftl"): Found
2021-05-25 12:29:47 DEBUG cache:45 - Loading template for "v3html/exception-view/v3-html-exception-view.ftl"("en", UTF-8, parsed) from "jar:file:/C:/Users/Srilakshmi/.m2/repository/com/aventstack/extentreports/4.0.9/extentreports-4.0.9.jar!/com/aventstack/extentreports/view/v3html/exception-view/v3-html-exception-view.ftl"
2021-05-25 12:29:47 DEBUG cache:45 - Couldn't find template in cache for "v3html/author-view/v3-html-author-view.ftl"("en", UTF-8, parsed); will try to load it.
2021-05-25 12:29:47 DEBUG cache:45 - TemplateLoader.findTemplateSource("v3html/author-view/v3-html-author-view_en.ftl"): Not found
2021-05-25 12:29:47 DEBUG cache:45 - TemplateLoader.findTemplateSource("v3html/author-view/v3-html-author-view.ftl"): Found
2021-05-25 12:29:47 DEBUG cache:45 - Loading template for "v3html/author-view/v3-html-author-view.ftl"("en", UTF-8, parsed) from "jar:file:/C:/Users/Srilakshmi/.m2/repository/com/aventstack/extentreports/4.0.9/extentreports-4.0.9.jar!/com/aventstack/extentreports/view/v3html/author-view/v3-html-author-view.ftl"
2021-05-25 12:29:47 DEBUG cache:45 - Couldn't find template in cache for "v3html/dashboard-view/v3-html-dashboard-view.ftl"("en", UTF-8, parsed); will try to load it.
2021-05-25 12:29:47 DEBUG cache:45 - TemplateLoader.findTemplateSource("v3html/dashboard-view/v3-html-dashboard-view_en.ftl"): Not found
2021-05-25 12:29:47 DEBUG cache:45 - TemplateLoader.findTemplateSource("v3html/dashboard-view/v3-html-dashboard-view.ftl"): Found
2021-05-25 12:29:47 DEBUG cache:45 - Loading template for "v3html/dashboard-view/v3-html-dashboard-view.ftl"("en", UTF-8, parsed) from "jar:file:/C:/Users/Srilakshmi/.m2/repository/com/aventstack/extentreports/4.0.9/extentreports-4.0.9.jar!/com/aventstack/extentreports/view/v3html/dashboard-view/v3-html-dashboard-view.ftl"
2021-05-25 12:29:47 DEBUG cache:45 - Couldn't find template in cache for "v3html/logs-view/v3-html-testrunner-logs-view.ftl"("en", UTF-8, parsed); will try to load it.
2021-05-25 12:29:47 DEBUG cache:45 - TemplateLoader.findTemplateSource("v3html/logs-view/v3-html-testrunner-logs-view_en.ftl"): Not found
2021-05-25 12:29:47 DEBUG cache:45 - TemplateLoader.findTemplateSource("v3html/logs-view/v3-html-testrunner-logs-view.ftl"): Found
2021-05-25 12:29:47 DEBUG cache:45 - Loading template for "v3html/logs-view/v3-html-testrunner-logs-view.ftl"("en", UTF-8, parsed) from "jar:file:/C:/Users/Srilakshmi/.m2/repository/com/aventstack/extentreports/4.0.9/extentreports-4.0.9.jar!/com/aventstack/extentreports/view/v3html/logs-view/v3-html-testrunner-logs-view.ftl"
2021-05-25 12:29:47 DEBUG TestBase:94 - Triggering browser closing activity
